[STATUS] Connected to tcp://127.0.0.1:5556, subscribed to topics 'status' and 'heartbeat'
[STATUS] ts=1759711503948 uptime=3069879s state=1 wakeup=0
  packets: lora=20 433=20
  online: lora=True 433=True baro=True current=True pi_connected=True
  heap=180000 chip_rev=1
------------------------------------------------------------
[STATUS] ts=1759711507286 uptime=3069883s state=1 wakeup=0
  packets: lora=25 433=25
  online: lora=True 433=True baro=True current=True pi_connected=True
  heap=180000 chip_rev=1
------------------------------------------------------------
[STATUS] ts=1759711510476 uptime=3069886s state=1 wakeup=0
  packets: lora=30 433=30
  online: lora=True 433=True baro=True current=True pi_connected=True
  heap=180000 chip_rev=1
------------------------------------------------------------
[STATUS] ts=1759711513519 uptime=3069889s state=1 wakeup=0
  packets: lora=35 433=35
  online: lora=True 433=True baro=True current=True pi_connected=True
  heap=180000 chip_rev=1
------------------------------------------------------------
[STATUS] ts=1759711516558 uptime=3069892s state=1 wakeup=0
  packets: lora=40 433=40
  online: lora=True 433=True baro=True current=True pi_connected=True
  heap=180000 chip_rev=1
------------------------------------------------------------
[STATUS] ts=1759711519595 uptime=3069895s state=1 wakeup=0
  packets: lora=45 433=45
  online: lora=True 433=True baro=True current=True pi_connected=True
  heap=180000 chip_rev=1
------------------------------------------------------------
[STATUS] ts=1759711522689 uptime=3069898s state=1 wakeup=0
  packets: lora=50 433=50
  online: lora=True 433=True baro=True current=True pi_connected=True
  heap=180000 chip_rev=1
------------------------------------------------------------
[STATUS] ts=1759711525860 uptime=3069901s state=1 wakeup=0
  packets: lora=55 433=55
  online: lora=True 433=True baro=True current=True pi_connected=True
  heap=180000 chip_rev=1
------------------------------------------------------------
[STATUS] ts=1759711528909 uptime=3069904s state=1 wakeup=0
  packets: lora=60 433=60
  online: lora=True 433=True baro=True current=True pi_connected=True
  heap=180000 chip_rev=1
------------------------------------------------------------
[STATUS] ts=1759711532048 uptime=3069907s state=1 wakeup=0
  packets: lora=65 433=65
  online: lora=True 433=True baro=True current=True pi_connected=True
  heap=180000 chip_rev=1
------------------------------------------------------------
[STATUS] ts=1759711535183 uptime=3069911s state=1 wakeup=0
  packets: lora=70 433=70
  online: lora=True 433=True baro=True current=True pi_connected=True
  heap=180000 chip_rev=1
------------------------------------------------------------
[STATUS] ts=1759711538324 uptime=3069914s state=1 wakeup=0
  packets: lora=75 433=75
  online: lora=True 433=True baro=True current=True pi_connected=True
  heap=180000 chip_rev=1
------------------------------------------------------------
[STATUS] ts=1759711541584 uptime=3069917s state=1 wakeup=0
  packets: lora=80 433=80
  online: lora=True 433=True baro=True current=True pi_connected=True
  heap=180000 chip_rev=1
------------------------------------------------------------
[STATUS] ts=1759711544668 uptime=3069920s state=1 wakeup=0
  packets: lora=85 433=85
  online: lora=True 433=True baro=True current=True pi_connected=True
  heap=180000 chip_rev=1
------------------------------------------------------------
[STATUS] ts=1759711547723 uptime=3069923s state=1 wakeup=0
  packets: lora=90 433=90
  online: lora=True 433=True baro=True current=True pi_connected=True
  heap=180000 chip_rev=1
------------------------------------------------------------
[STATUS] ts=1759711550772 uptime=3069926s state=1 wakeup=0
  packets: lora=95 433=95
  online: lora=True 433=True baro=True current=True pi_connected=True
  heap=180000 chip_rev=1
------------------------------------------------------------
[STATUS] ts=1759711553814 uptime=3069929s state=1 wakeup=0
  packets: lora=100 433=100
  online: lora=True 433=True baro=True current=True pi_connected=True
  heap=180000 chip_rev=1
------------------------------------------------------------
[STATUS] ts=1759711556857 uptime=3069932s state=1 wakeup=0
  packets: lora=105 433=105
  online: lora=True 433=True baro=True current=True pi_connected=True
  heap=180000 chip_rev=1
------------------------------------------------------------
[STATUS] ts=1759711559899 uptime=3069935s state=1 wakeup=0
  packets: lora=110 433=110
  online: lora=True 433=True baro=True current=True pi_connected=True
  heap=180000 chip_rev=1
------------------------------------------------------------
[STATUS] ts=1759711562945 uptime=3069938s state=1 wakeup=0
  packets: lora=115 433=115
  online: lora=True 433=True baro=True current=True pi_connected=True
  heap=180000 chip_rev=1
------------------------------------------------------------
[STATUS] ts=1759711566015 uptime=3069941s state=1 wakeup=0
  packets: lora=120 433=120
  online: lora=True 433=True baro=True current=True pi_connected=True
  heap=180000 chip_rev=1
------------------------------------------------------------
[STATUS] ts=1759711569054 uptime=3069944s state=1 wakeup=0
  packets: lora=125 433=125
  online: lora=True 433=True baro=True current=True pi_connected=True
  heap=180000 chip_rev=1
------------------------------------------------------------
[STATUS] ts=1759711572089 uptime=3069948s state=1 wakeup=0
  packets: lora=130 433=130
  online: lora=True 433=True baro=True current=True pi_connected=True
  heap=180000 chip_rev=1
------------------------------------------------------------
[STATUS] ts=1759711575140 uptime=3069951s state=1 wakeup=0
  packets: lora=135 433=135
  online: lora=True 433=True baro=True current=True pi_connected=True
  heap=180000 chip_rev=1
------------------------------------------------------------
[STATUS] ts=1759711579581 uptime=3069955s state=1 wakeup=0
  packets: lora=140 433=140
  online: lora=True 433=True baro=True current=True pi_connected=True
  heap=180000 chip_rev=1
------------------------------------------------------------
[STATUS] ts=1759711582575 uptime=3069958s state=1 wakeup=0
  packets: lora=145 433=145
  online: lora=True 433=True baro=True current=True pi_connected=True
  heap=180000 chip_rev=1
------------------------------------------------------------
[STATUS] ts=1759711585609 uptime=3069961s state=1 wakeup=0
  packets: lora=150 433=150
  online: lora=True 433=True baro=True current=True pi_connected=True
  heap=180000 chip_rev=1
------------------------------------------------------------
[STATUS] ts=1759711588778 uptime=3069964s state=1 wakeup=0
  packets: lora=155 433=155
  online: lora=True 433=True baro=True current=True pi_connected=True
  heap=180000 chip_rev=1
------------------------------------------------------------
[STATUS] ts=1759711591937 uptime=3069967s state=1 wakeup=0
  packets: lora=160 433=160
  online: lora=True 433=True baro=True current=True pi_connected=True
  heap=180000 chip_rev=1
------------------------------------------------------------
[STATUS] ts=1759711595094 uptime=3069971s state=1 wakeup=0
  packets: lora=165 433=165
  online: lora=True 433=True baro=True current=True pi_connected=True
  heap=180000 chip_rev=1
------------------------------------------------------------
[STATUS] ts=1759711598248 uptime=3069974s state=1 wakeup=0
  packets: lora=170 433=170
  online: lora=True 433=True baro=True current=True pi_connected=True
  heap=180000 chip_rev=1
------------------------------------------------------------
[STATUS] ts=1759711601409 uptime=3069977s state=1 wakeup=0
  packets: lora=175 433=175
  online: lora=True 433=True baro=True current=True pi_connected=True
  heap=180000 chip_rev=1
------------------------------------------------------------
[STATUS] ts=1759711604572 uptime=3069980s state=1 wakeup=0
  packets: lora=180 433=180
  online: lora=True 433=True baro=True current=True pi_connected=True
  heap=180000 chip_rev=1
------------------------------------------------------------
[STATUS] ts=1759711607737 uptime=3069983s state=1 wakeup=0
  packets: lora=185 433=185
  online: lora=True 433=True baro=True current=True pi_connected=True
  heap=180000 chip_rev=1
------------------------------------------------------------
[STATUS] ts=1759711610917 uptime=3069986s state=1 wakeup=0
  packets: lora=190 433=190
  online: lora=True 433=True baro=True current=True pi_connected=True
  heap=180000 chip_rev=1
------------------------------------------------------------
[STATUS] ts=1759711614069 uptime=3069990s state=1 wakeup=0
  packets: lora=195 433=195
  online: lora=True 433=True baro=True current=True pi_connected=True
  heap=180000 chip_rev=1
------------------------------------------------------------
[STATUS] ts=1759711617215 uptime=3069993s state=1 wakeup=0
  packets: lora=200 433=200
  online: lora=True 433=True baro=True current=True pi_connected=True
  heap=180000 chip_rev=1
------------------------------------------------------------
[STATUS] ts=1759711620571 uptime=3069996s state=1 wakeup=0
  packets: lora=205 433=205
  online: lora=True 433=True baro=True current=True pi_connected=True
  heap=180000 chip_rev=1
------------------------------------------------------------
[STATUS] ts=1759711623733 uptime=3069999s state=1 wakeup=0
  packets: lora=210 433=210
  online: lora=True 433=True baro=True current=True pi_connected=True
  heap=180000 chip_rev=1
------------------------------------------------------------
[STATUS] ts=1759711626929 uptime=3070002s state=1 wakeup=0
  packets: lora=215 433=215
  online: lora=True 433=True baro=True current=True pi_connected=True
  heap=180000 chip_rev=1
------------------------------------------------------------
[STATUS] ts=1759711630079 uptime=3070006s state=1 wakeup=0
  packets: lora=220 433=220
  online: lora=True 433=True baro=True current=True pi_connected=True
  heap=180000 chip_rev=1
------------------------------------------------------------
[STATUS] ts=1759711633230 uptime=3070009s state=1 wakeup=0
  packets: lora=225 433=225
  online: lora=True 433=True baro=True current=True pi_connected=True
  heap=180000 chip_rev=1
------------------------------------------------------------
[STATUS] ts=1759711636370 uptime=3070012s state=1 wakeup=0
  packets: lora=230 433=230
  online: lora=True 433=True baro=True current=True pi_connected=True
  heap=180000 chip_rev=1
------------------------------------------------------------
[STATUS] ts=1759711639500 uptime=3070015s state=1 wakeup=0
  packets: lora=235 433=235
  online: lora=True 433=True baro=True current=True pi_connected=True
  heap=180000 chip_rev=1
------------------------------------------------------------
[STATUS] ts=1759711642645 uptime=3070018s state=1 wakeup=0
  packets: lora=240 433=240
  online: lora=True 433=True baro=True current=True pi_connected=True
  heap=180000 chip_rev=1
------------------------------------------------------------
[STATUS] ts=1759711645798 uptime=3070021s state=1 wakeup=0
  packets: lora=245 433=245
  online: lora=True 433=True baro=True current=True pi_connected=True
  heap=180000 chip_rev=1
------------------------------------------------------------
[STATUS] ts=1759711648932 uptime=3070024s state=1 wakeup=0
  packets: lora=250 433=250
  online: lora=True 433=True baro=True current=True pi_connected=True
  heap=180000 chip_rev=1
------------------------------------------------------------
[STATUS] ts=1759711652063 uptime=3070027s state=1 wakeup=0
  packets: lora=255 433=255
  online: lora=True 433=True baro=True current=True pi_connected=True
  heap=180000 chip_rev=1
------------------------------------------------------------
[STATUS] ts=1759711655184 uptime=3070031s state=1 wakeup=0
  packets: lora=260 433=260
  online: lora=True 433=True baro=True current=True pi_connected=True
  heap=180000 chip_rev=1
------------------------------------------------------------
[STATUS] ts=1759711658335 uptime=3070034s state=1 wakeup=0
  packets: lora=265 433=265
  online: lora=True 433=True baro=True current=True pi_connected=True
  heap=180000 chip_rev=1
------------------------------------------------------------
[STATUS] ts=1759711661460 uptime=3070037s state=1 wakeup=0
  packets: lora=270 433=270
  online: lora=True 433=True baro=True current=True pi_connected=True
  heap=180000 chip_rev=1
------------------------------------------------------------
[STATUS] ts=1759711664576 uptime=3070040s state=1 wakeup=0
  packets: lora=275 433=275
  online: lora=True 433=True baro=True current=True pi_connected=True
  heap=180000 chip_rev=1
------------------------------------------------------------
[STATUS] ts=1759711667692 uptime=3070043s state=1 wakeup=0
  packets: lora=280 433=280
  online: lora=True 433=True baro=True current=True pi_connected=True
  heap=180000 chip_rev=1
------------------------------------------------------------
[STATUS] ts=1759711670809 uptime=3070046s state=1 wakeup=0
  packets: lora=285 433=285
  online: lora=True 433=True baro=True current=True pi_connected=True
  heap=180000 chip_rev=1
------------------------------------------------------------
[STATUS] ts=1759711673926 uptime=3070049s state=1 wakeup=0
  packets: lora=290 433=290
  online: lora=True 433=True baro=True current=True pi_connected=True
  heap=180000 chip_rev=1
------------------------------------------------------------
[STATUS] ts=1759711677046 uptime=3070052s state=1 wakeup=0
  packets: lora=295 433=295
  online: lora=True 433=True baro=True current=True pi_connected=True
  heap=180000 chip_rev=1
------------------------------------------------------------
[STATUS] ts=1759711680165 uptime=3070056s state=1 wakeup=0
  packets: lora=300 433=300
  online: lora=True 433=True baro=True current=True pi_connected=True
  heap=180000 chip_rev=1
------------------------------------------------------------
[STATUS] ts=1759711683279 uptime=3070059s state=1 wakeup=0
  packets: lora=305 433=305
  online: lora=True 433=True baro=True current=True pi_connected=True
  heap=180000 chip_rev=1
------------------------------------------------------------
[STATUS] ts=1759711686397 uptime=3070062s state=1 wakeup=0
  packets: lora=310 433=310
  online: lora=True 433=True baro=True current=True pi_connected=True
  heap=180000 chip_rev=1
------------------------------------------------------------
[STATUS] ts=1759711689509 uptime=3070065s state=1 wakeup=0
  packets: lora=315 433=315
  online: lora=True 433=True baro=True current=True pi_connected=True
  heap=180000 chip_rev=1
------------------------------------------------------------
[STATUS] ts=1759711692621 uptime=3070068s state=1 wakeup=0
  packets: lora=320 433=320
  online: lora=True 433=True baro=True current=True pi_connected=True
  heap=180000 chip_rev=1
------------------------------------------------------------
[STATUS] ts=1759711695733 uptime=3070071s state=1 wakeup=0
  packets: lora=325 433=325
  online: lora=True 433=True baro=True current=True pi_connected=True
  heap=180000 chip_rev=1
------------------------------------------------------------
[STATUS] ts=1759711698840 uptime=3070074s state=1 wakeup=0
  packets: lora=330 433=330
  online: lora=True 433=True baro=True current=True pi_connected=True
  heap=180000 chip_rev=1
------------------------------------------------------------
[STATUS] ts=1759711701943 uptime=3070077s state=1 wakeup=0
  packets: lora=335 433=335
  online: lora=True 433=True baro=True current=True pi_connected=True
  heap=180000 chip_rev=1
------------------------------------------------------------
[STATUS] ts=1759711705056 uptime=3070080s state=1 wakeup=0
  packets: lora=340 433=340
  online: lora=True 433=True baro=True current=True pi_connected=True
  heap=180000 chip_rev=1
------------------------------------------------------------
[STATUS] ts=1759711708180 uptime=3070084s state=1 wakeup=0
  packets: lora=345 433=345
  online: lora=True 433=True baro=True current=True pi_connected=True
  heap=180000 chip_rev=1
------------------------------------------------------------
[STATUS] ts=1759711711267 uptime=3070087s state=1 wakeup=0
  packets: lora=350 433=350
  online: lora=True 433=True baro=True current=True pi_connected=True
  heap=180000 chip_rev=1
------------------------------------------------------------
[STATUS] ts=1759711714352 uptime=3070090s state=1 wakeup=0
  packets: lora=355 433=355
  online: lora=True 433=True baro=True current=True pi_connected=True
  heap=180000 chip_rev=1
------------------------------------------------------------
[STATUS] ts=1759711717447 uptime=3070093s state=1 wakeup=0
  packets: lora=360 433=360
  online: lora=True 433=True baro=True current=True pi_connected=True
  heap=180000 chip_rev=1
------------------------------------------------------------
[STATUS] ts=1759711720541 uptime=3070096s state=1 wakeup=0
  packets: lora=365 433=365
  online: lora=True 433=True baro=True current=True pi_connected=True
  heap=180000 chip_rev=1
------------------------------------------------------------
[STATUS] ts=1759711723626 uptime=3070099s state=1 wakeup=0
  packets: lora=370 433=370
  online: lora=True 433=True baro=True current=True pi_connected=True
  heap=180000 chip_rev=1
------------------------------------------------------------
[STATUS] ts=1759711726715 uptime=3070102s state=1 wakeup=0
  packets: lora=375 433=375
  online: lora=True 433=True baro=True current=True pi_connected=True
  heap=180000 chip_rev=1
------------------------------------------------------------
[STATUS] ts=1759711729789 uptime=3070105s state=1 wakeup=0
  packets: lora=380 433=380
  online: lora=True 433=True baro=True current=True pi_connected=True
  heap=180000 chip_rev=1
------------------------------------------------------------
[STATUS] ts=1759711732862 uptime=3070108s state=1 wakeup=0
  packets: lora=385 433=385
  online: lora=True 433=True baro=True current=True pi_connected=True
  heap=180000 chip_rev=1
------------------------------------------------------------
[STATUS] ts=1759711735943 uptime=3070111s state=1 wakeup=0
  packets: lora=390 433=390
  online: lora=True 433=True baro=True current=True pi_connected=True
  heap=180000 chip_rev=1
------------------------------------------------------------
[STATUS] ts=1759711739019 uptime=3070114s state=1 wakeup=0
  packets: lora=395 433=395
  online: lora=True 433=True baro=True current=True pi_connected=True
  heap=180000 chip_rev=1
------------------------------------------------------------
[STATUS] ts=1759711742095 uptime=3070118s state=1 wakeup=0
  packets: lora=400 433=400
  online: lora=True 433=True baro=True current=True pi_connected=True
  heap=180000 chip_rev=1
------------------------------------------------------------
[STATUS] ts=1759711745379 uptime=3070121s state=1 wakeup=0
  packets: lora=405 433=405
  online: lora=True 433=True baro=True current=True pi_connected=True
  heap=180000 chip_rev=1
------------------------------------------------------------
[STATUS] ts=1759711748467 uptime=3070124s state=1 wakeup=0
  packets: lora=410 433=410
  online: lora=True 433=True baro=True current=True pi_connected=True
  heap=180000 chip_rev=1
------------------------------------------------------------
[STATUS] ts=1759711751556 uptime=3070127s state=1 wakeup=0
  packets: lora=415 433=415
  online: lora=True 433=True baro=True current=True pi_connected=True
  heap=180000 chip_rev=1
------------------------------------------------------------
[STATUS] ts=1759711754656 uptime=3070130s state=1 wakeup=0
  packets: lora=420 433=420
  online: lora=True 433=True baro=True current=True pi_connected=True
  heap=180000 chip_rev=1
------------------------------------------------------------
[STATUS] ts=1759711757750 uptime=3070133s state=1 wakeup=0
  packets: lora=425 433=425
  online: lora=True 433=True baro=True current=True pi_connected=True
  heap=180000 chip_rev=1
------------------------------------------------------------
[STATUS] ts=1759711760843 uptime=3070136s state=1 wakeup=0
  packets: lora=430 433=430
  online: lora=True 433=True baro=True current=True pi_connected=True
  heap=180000 chip_rev=1
------------------------------------------------------------
[STATUS] ts=1759711763937 uptime=3070139s state=1 wakeup=0
  packets: lora=435 433=435
  online: lora=True 433=True baro=True current=True pi_connected=True
  heap=180000 chip_rev=1
------------------------------------------------------------
[STATUS] ts=1759711767061 uptime=3070142s state=1 wakeup=0
  packets: lora=440 433=440
  online: lora=True 433=True baro=True current=True pi_connected=True
  heap=180000 chip_rev=1
------------------------------------------------------------
[STATUS] ts=1759711770146 uptime=3070146s state=1 wakeup=0
  packets: lora=445 433=445
  online: lora=True 433=True baro=True current=True pi_connected=True
  heap=180000 chip_rev=1
------------------------------------------------------------
[STATUS] ts=1759711773232 uptime=3070149s state=1 wakeup=0
  packets: lora=450 433=450
  online: lora=True 433=True baro=True current=True pi_connected=True
  heap=180000 chip_rev=1
------------------------------------------------------------
[STATUS] ts=1759711776312 uptime=3070152s state=1 wakeup=0
  packets: lora=455 433=455
  online: lora=True 433=True baro=True current=True pi_connected=True
  heap=180000 chip_rev=1
------------------------------------------------------------
[STATUS] ts=1759711779396 uptime=3070155s state=1 wakeup=0
  packets: lora=460 433=460
  online: lora=True 433=True baro=True current=True pi_connected=True
  heap=180000 chip_rev=1
------------------------------------------------------------
[STATUS] ts=1759711782479 uptime=3070158s state=1 wakeup=0
  packets: lora=465 433=465
  online: lora=True 433=True baro=True current=True pi_connected=True
  heap=180000 chip_rev=1
------------------------------------------------------------
[STATUS] ts=1759711785569 uptime=3070161s state=1 wakeup=0
  packets: lora=470 433=470
  online: lora=True 433=True baro=True current=True pi_connected=True
  heap=180000 chip_rev=1
------------------------------------------------------------
[STATUS] ts=1759711788647 uptime=3070164s state=1 wakeup=0
  packets: lora=475 433=475
  online: lora=True 433=True baro=True current=True pi_connected=True
  heap=180000 chip_rev=1
------------------------------------------------------------
[STATUS] ts=1759711791731 uptime=3070167s state=1 wakeup=0
  packets: lora=480 433=480
  online: lora=True 433=True baro=True current=True pi_connected=True
  heap=180000 chip_rev=1
------------------------------------------------------------
[STATUS] ts=1759711794809 uptime=3070170s state=1 wakeup=0
  packets: lora=485 433=485
  online: lora=True 433=True baro=True current=True pi_connected=True
  heap=180000 chip_rev=1
------------------------------------------------------------
[STATUS] ts=1759711797887 uptime=3070173s state=1 wakeup=0
  packets: lora=490 433=490
  online: lora=True 433=True baro=True current=True pi_connected=True
  heap=180000 chip_rev=1
------------------------------------------------------------
[STATUS] ts=1759711800961 uptime=3070176s state=1 wakeup=0
  packets: lora=495 433=495
  online: lora=True 433=True baro=True current=True pi_connected=True
  heap=180000 chip_rev=1
------------------------------------------------------------
[STATUS] ts=1759711804032 uptime=3070179s state=1 wakeup=0
  packets: lora=500 433=500
  online: lora=True 433=True baro=True current=True pi_connected=True
  heap=180000 chip_rev=1
------------------------------------------------------------
[STATUS] ts=1759711807108 uptime=3070183s state=1 wakeup=0
  packets: lora=505 433=505
  online: lora=True 433=True baro=True current=True pi_connected=True
  heap=180000 chip_rev=1
------------------------------------------------------------
[STATUS] ts=1759711810184 uptime=3070186s state=1 wakeup=0
  packets: lora=510 433=510
  online: lora=True 433=True baro=True current=True pi_connected=True
  heap=180000 chip_rev=1
------------------------------------------------------------
[STATUS] ts=1759711813249 uptime=3070189s state=1 wakeup=0
  packets: lora=515 433=515
  online: lora=True 433=True baro=True current=True pi_connected=True
  heap=180000 chip_rev=1
------------------------------------------------------------
[STATUS] ts=1759711816312 uptime=3070192s state=1 wakeup=0
  packets: lora=520 433=520
  online: lora=True 433=True baro=True current=True pi_connected=True
